# JRE version: Java(TM) SE Runtime Environment (12.0.2+10) (build 12.0.2+10)
# Java VM: Java HotSpot(TM) 64-Bit Server VM (12.0.2+10, mixed mode, sharing, tiered, compressed oops, g1 gc, windows-amd64)
Heap:
 garbage-first heap   total 262144K, used 141613K [0x00000000e0000000, 0x0000000100000000)
  region size 1024K, 122 young (124928K), 7 survivors (7168K)
 Metaspace       used 43858K, capacity 45367K, committed 45520K, reserved 292864K
  class space    used 6164K, capacity 6731K, committed 6864K, reserved 253952K
GC Heap History (8 events):
Event: 1.362 GC heap before
{Heap before GC invocations=0 (full 0):
 garbage-first heap   total 262144K, used 29696K [0x00000000e0000000, 0x0000000100000000)
  region size 1024K, 24 young (24576K), 0 survivors (0K)
 Metaspace       used 3093K, capacity 6125K, committed 6400K, reserved 262144K
  class space    used 407K, capacity 701K, committed 768K, reserved 253952K
}
Event: 1.370 GC heap after
{Heap after GC invocations=1 (full 0):
 garbage-first heap   total 262144K, used 8823K [0x00000000e0000000, 0x0000000100000000)
  region size 1024K, 3 young (3072K), 3 survivors (3072K)
 Metaspace       used 3093K, capacity 6125K, committed 6400K, reserved 262144K
  class space    used 407K, capacity 701K, committed 768K, reserved 253952K
}
Event: 8.174 GC heap before
{Heap before GC invocations=1 (full 0):
 garbage-first heap   total 262144K, used 161399K [0x00000000e0000000, 0x0000000100000000)
  region size 1024K, 153 young (156672K), 3 survivors (3072K)
 Metaspace       used 17981K, capacity 18589K, committed 18816K, reserved 270336K
  class space    used 2642K, capacity 2857K, committed 2944K, reserved 253952K
}
Event: 8.196 GC heap after
{Heap after GC invocations=2 (full 0):
 garbage-first heap   total 262144K, used 18115K [0x00000000e0000000, 0x0000000100000000)
  region size 1024K, 13 young (13312K), 13 survivors (13312K)
 Metaspace       used 17981K, capacity 18589K, committed 18816K, reserved 270336K
  class space    used 2642K, capacity 2857K, committed 2944K, reserved 253952K
}
Event: 9.180 GC heap before
{Heap before GC invocations=2 (full 0):
 garbage-first heap   total 262144K, used 49859K [0x00000000e0000000, 0x0000000100000000)
  region size 1024K, 45 young (46080K), 13 survivors (13312K)
 Metaspace       used 20635K, capacity 21204K, committed 21296K, reserved 272384K
  class space    used 3067K, capacity 3282K, committed 3328K, reserved 253952K
}
Event: 9.196 GC heap after
{Heap after GC invocations=3 (full 0):
 garbage-first heap   total 262144K, used 19428K [0x00000000e0000000, 0x0000000100000000)
  region size 1024K, 2 young (2048K), 2 survivors (2048K)
 Metaspace       used 20635K, capacity 21204K, committed 21296K, reserved 272384K
  class space    used 3067K, capacity 3282K, committed 3328K, reserved 253952K
}
Event: 15.649 GC heap before
{Heap before GC invocations=4 (full 0):
 garbage-first heap   total 262144K, used 137188K [0x00000000e0000000, 0x0000000100000000)
  region size 1024K, 115 young (117760K), 2 survivors (2048K)
 Metaspace       used 34983K, capacity 35854K, committed 35920K, reserved 284672K
  class space    used 4807K, capacity 5137K, committed 5200K, reserved 253952K
}
Event: 15.661 GC heap after
{Heap after GC invocations=5 (full 0):
 garbage-first heap   total 262144K, used 24877K [0x00000000e0000000, 0x0000000100000000)
  region size 1024K, 7 young (7168K), 7 survivors (7168K)
 Metaspace       used 34983K, capacity 35854K, committed 35920K, reserved 284672K
  class space    used 4807K, capacity 5137K, committed 5200K, reserved 253952K
}

